0 info it worked if it ends with ok
1 verbose cli [ '/usr/local/Cellar/node/6.7.0/bin/node',
1 verbose cli   '/usr/local/bin/npm',
1 verbose cli   'install',
1 verbose cli   '-g',
1 verbose cli   'typescript' ]
2 info using npm@3.10.7
3 info using node@v6.7.0
4 silly loadCurrentTree Starting
5 silly install loadCurrentTree
6 silly install readGlobalPackageData
7 silly fetchPackageMetaData typescript
8 silly fetchNamedPackageData typescript
9 silly mapToRegistry name typescript
10 silly mapToRegistry using default registry
11 silly mapToRegistry registry https://registry.npmjs.org/
12 silly mapToRegistry data Result {
12 silly mapToRegistry   raw: 'typescript',
12 silly mapToRegistry   scope: null,
12 silly mapToRegistry   escapedName: 'typescript',
12 silly mapToRegistry   name: 'typescript',
12 silly mapToRegistry   rawSpec: '',
12 silly mapToRegistry   spec: 'latest',
12 silly mapToRegistry   type: 'tag' }
13 silly mapToRegistry uri https://registry.npmjs.org/typescript
14 verbose request uri https://registry.npmjs.org/typescript
15 verbose request no auth needed
16 info attempt registry request try #1 at 12:58:44 PM
17 verbose request id 92c54619e762a0ec
18 http request GET https://registry.npmjs.org/typescript
19 http 200 https://registry.npmjs.org/typescript
20 verbose headers { 'content-type': 'application/json; charset=UTF-8',
20 verbose headers   server: 'UploadServer',
20 verbose headers   'cache-control': 'max-age=300',
20 verbose headers   'last-modified': 'Wed, 10 Jan 2018 6:38:45 GMT',
20 verbose headers   etag: '"5a55b4f5-21554d"',
20 verbose headers   'content-encoding': 'gzip',
20 verbose headers   'content-length': '113616',
20 verbose headers   'accept-ranges': 'bytes',
20 verbose headers   date: 'Wed, 10 Jan 2018 16:58:45 GMT',
20 verbose headers   via: '1.1 varnish',
20 verbose headers   age: '7833',
20 verbose headers   connection: 'keep-alive',
20 verbose headers   'x-served-by': 'cache-gru17135-GRU',
20 verbose headers   'x-cache': 'HIT',
20 verbose headers   'x-cache-hits': '77',
20 verbose headers   'x-timer': 'S1515603525.339318,VS0,VE0',
20 verbose headers   vary: 'Accept-Encoding, Accept' }
21 silly get cb [ 200,
21 silly get   { 'content-type': 'application/json; charset=UTF-8',
21 silly get     server: 'UploadServer',
21 silly get     'cache-control': 'max-age=300',
21 silly get     'last-modified': 'Wed, 10 Jan 2018 6:38:45 GMT',
21 silly get     etag: '"5a55b4f5-21554d"',
21 silly get     'content-encoding': 'gzip',
21 silly get     'content-length': '113616',
21 silly get     'accept-ranges': 'bytes',
21 silly get     date: 'Wed, 10 Jan 2018 16:58:45 GMT',
21 silly get     via: '1.1 varnish',
21 silly get     age: '7833',
21 silly get     connection: 'keep-alive',
21 silly get     'x-served-by': 'cache-gru17135-GRU',
21 silly get     'x-cache': 'HIT',
21 silly get     'x-cache-hits': '77',
21 silly get     'x-timer': 'S1515603525.339318,VS0,VE0',
21 silly get     vary: 'Accept-Encoding, Accept' } ]
22 verbose get saving typescript to /Users/marcos/.npm/registry.npmjs.org/typescript/.cache.json
23 verbose correctMkdir /Users/marcos/.npm correctMkdir not in flight; initializing
24 silly install normalizeTree
25 silly loadCurrentTree Finishing
26 silly loadIdealTree Starting
27 silly install loadIdealTree
28 silly cloneCurrentTree Starting
29 silly install cloneCurrentTreeToIdealTree
30 silly cloneCurrentTree Finishing
31 silly loadShrinkwrap Starting
32 silly install loadShrinkwrap
33 silly loadShrinkwrap Finishing
34 silly loadAllDepsIntoIdealTree Starting
35 silly install loadAllDepsIntoIdealTree
36 silly resolveWithNewModule typescript@2.6.2 checking installable status
37 silly cache add args [ 'typescript', null ]
38 verbose cache add spec typescript
39 silly cache add parsed spec Result {
39 silly cache add   raw: 'typescript',
39 silly cache add   scope: null,
39 silly cache add   escapedName: 'typescript',
39 silly cache add   name: 'typescript',
39 silly cache add   rawSpec: '',
39 silly cache add   spec: 'latest',
39 silly cache add   type: 'tag' }
40 silly addNamed typescript@latest
41 verbose addNamed "latest" is being treated as a dist-tag for typescript
42 info addNameTag [ 'typescript', 'latest' ]
43 silly mapToRegistry name typescript
44 silly mapToRegistry using default registry
45 silly mapToRegistry registry https://registry.npmjs.org/
46 silly mapToRegistry data Result {
46 silly mapToRegistry   raw: 'typescript',
46 silly mapToRegistry   scope: null,
46 silly mapToRegistry   escapedName: 'typescript',
46 silly mapToRegistry   name: 'typescript',
46 silly mapToRegistry   rawSpec: '',
46 silly mapToRegistry   spec: 'latest',
46 silly mapToRegistry   type: 'tag' }
47 silly mapToRegistry uri https://registry.npmjs.org/typescript
48 verbose addNameTag registry:https://registry.npmjs.org/typescript not in flight; fetching
49 verbose get https://registry.npmjs.org/typescript not expired, no request
50 silly addNameTag next cb for typescript with tag latest
51 silly addNamed typescript@2.6.2
52 verbose addNamed "2.6.2" is a plain semver version for typescript
53 silly mapToRegistry name typescript
54 silly mapToRegistry using default registry
55 silly mapToRegistry registry https://registry.npmjs.org/
56 silly mapToRegistry data Result {
56 silly mapToRegistry   raw: 'typescript',
56 silly mapToRegistry   scope: null,
56 silly mapToRegistry   escapedName: 'typescript',
56 silly mapToRegistry   name: 'typescript',
56 silly mapToRegistry   rawSpec: '',
56 silly mapToRegistry   spec: 'latest',
56 silly mapToRegistry   type: 'tag' }
57 silly mapToRegistry uri https://registry.npmjs.org/typescript
58 verbose addRemoteTarball https://registry.npmjs.org/typescript/-/typescript-2.6.2.tgz not in flight; adding
59 verbose addRemoteTarball [ 'https://registry.npmjs.org/typescript/-/typescript-2.6.2.tgz',
59 verbose addRemoteTarball   '3c5b6fd7f6de0914269027f03c0946758f7673a4' ]
60 info retry fetch attempt 1 at 12:58:45 PM
61 info attempt registry request try #1 at 12:58:45 PM
62 http fetch GET https://registry.npmjs.org/typescript/-/typescript-2.6.2.tgz
63 http fetch 200 https://registry.npmjs.org/typescript/-/typescript-2.6.2.tgz
64 silly fetchAndShaCheck shasum 3c5b6fd7f6de0914269027f03c0946758f7673a4
65 verbose addTmpTarball /var/folders/n5/qlf_j4zd06zfbcq3n0j0fp3m0000gv/T/npm-1375-9007a509/registry.npmjs.org/typescript/-/typescript-2.6.2.tgz not in flight; adding
66 verbose addTmpTarball already have metadata; skipping unpack for typescript@2.6.2
67 verbose correctMkdir /Users/marcos/.npm correctMkdir not in flight; initializing
68 silly cache afterAdd typescript@2.6.2
69 verbose afterAdd /Users/marcos/.npm/typescript/2.6.2/package/package.json not in flight; writing
70 verbose correctMkdir /Users/marcos/.npm correctMkdir not in flight; initializing
71 verbose afterAdd /Users/marcos/.npm/typescript/2.6.2/package/package.json written
72 silly loadAllDepsIntoIdealTree Finishing
73 silly loadIdealTree Finishing
74 silly currentTree lib
75 silly idealTree lib
75 silly idealTree └── typescript@2.6.2
76 silly generateActionsToTake Starting
77 silly install generateActionsToTake
78 warn checkPermissions Missing write access to /usr/local/lib/node_modules
79 silly rollbackFailedOptional Starting
80 silly rollbackFailedOptional Finishing
81 silly runTopLevelLifecycles Finishing
82 silly install printInstalled
83 verbose stack Error: EACCES: permission denied, access '/usr/local/lib/node_modules'
83 verbose stack     at Error (native)
84 verbose cwd /Users/marcos/Documents/Work/Pizarron/frontend
85 error Darwin 17.3.0
86 error argv "/usr/local/Cellar/node/6.7.0/bin/node" "/usr/local/bin/npm" "install" "-g" "typescript"
87 error node v6.7.0
88 error npm  v3.10.7
89 error path /usr/local/lib/node_modules
90 error code EACCES
91 error errno -13
92 error syscall access
93 error Error: EACCES: permission denied, access '/usr/local/lib/node_modules'
93 error     at Error (native)
93 error  { Error: EACCES: permission denied, access '/usr/local/lib/node_modules'
93 error     at Error (native)
93 error   errno: -13,
93 error   code: 'EACCES',
93 error   syscall: 'access',
93 error   path: '/usr/local/lib/node_modules' }
94 error Please try running this command again as root/Administrator.
95 verbose exit [ -13, true ]
